# JRE version: Java(TM) SE Runtime Environment (8.0_45-b14) (build 1.8.0_45-b14)
# Java VM: Java HotSpot(TM) 64-Bit Server VM (25.45-b02 mixed mode linux-amd64 compressed oops)
Heap:
 PSYoungGen      total 198144K, used 54582K [0x00000000efa00000, 0x00000000fd380000, 0x0000000100000000)
  eden space 179712K, 24% used [0x00000000efa00000,0x00000000f2420560,0x00000000fa980000)
  from space 18432K, 62% used [0x00000000fc180000,0x00000000fccad688,0x00000000fd380000)
  to   space 21504K, 0% used [0x00000000fa980000,0x00000000fa980000,0x00000000fbe80000)
 ParOldGen       total 114688K, used 68955K [0x00000000cee00000, 0x00000000d5e00000, 0x00000000efa00000)
  object space 114688K, 60% used [0x00000000cee00000,0x00000000d3156dd0,0x00000000d5e00000)
 Metaspace       used 79457K, capacity 89074K, committed 89384K, reserved 1126400K
  class space    used 9932K, capacity 12744K, committed 12840K, reserved 1048576K
GC Heap History (10 events):
Event: 25,667 GC heap before
{Heap before GC invocations=24 (full 3):
 PSYoungGen      total 143360K, used 142572K [0x00000000efa00000, 0x00000000f9e00000, 0x0000000100000000)
  eden space 129024K, 100% used [0x00000000efa00000,0x00000000f7800000,0x00000000f7800000)
  from space 14336K, 94% used [0x00000000f8800000,0x00000000f953b030,0x00000000f9600000)
  to   space 16384K, 0% used [0x00000000f7800000,0x00000000f7800000,0x00000000f8800000)
 ParOldGen       total 69120K, used 37643K [0x00000000cee00000, 0x00000000d3180000, 0x00000000efa00000)
  object space 69120K, 54% used [0x00000000cee00000,0x00000000d12c2f50,0x00000000d3180000)
 Metaspace       used 67912K, capacity 76656K, committed 76840K, reserved 1114112K
  class space    used 8615K, capacity 11439K, committed 11560K, reserved 1048576K
Event: 25,697 GC heap after
Heap after GC invocations=24 (full 3):
 PSYoungGen      total 145408K, used 9853K [0x00000000efa00000, 0x00000000fb480000, 0x0000000100000000)
  eden space 129024K, 0% used [0x00000000efa00000,0x00000000efa00000,0x00000000f7800000)
  from space 16384K, 60% used [0x00000000f7800000,0x00000000f819f618,0x00000000f8800000)
  to   space 16384K, 0% used [0x00000000fa480000,0x00000000fa480000,0x00000000fb480000)
 ParOldGen       total 69120K, used 45655K [0x00000000cee00000, 0x00000000d3180000, 0x00000000efa00000)
  object space 69120K, 66% used [0x00000000cee00000,0x00000000d1a95c28,0x00000000d3180000)
 Metaspace       used 67912K, capacity 76656K, committed 76840K, reserved 1114112K
  class space    used 8615K, capacity 11439K, committed 11560K, reserved 1048576K
}
Event: 30,115 GC heap before
{Heap before GC invocations=25 (full 3):
 PSYoungGen      total 145408K, used 138877K [0x00000000efa00000, 0x00000000fb480000, 0x0000000100000000)
  eden space 129024K, 100% used [0x00000000efa00000,0x00000000f7800000,0x00000000f7800000)
  from space 16384K, 60% used [0x00000000f7800000,0x00000000f819f618,0x00000000f8800000)
  to   space 16384K, 0% used [0x00000000fa480000,0x00000000fa480000,0x00000000fb480000)
 ParOldGen       total 69120K, used 45655K [0x00000000cee00000, 0x00000000d3180000, 0x00000000efa00000)
  object space 69120K, 66% used [0x00000000cee00000,0x00000000d1a95c28,0x00000000d3180000)
 Metaspace       used 71498K, capacity 80334K, committed 80552K, reserved 1118208K
  class space    used 9094K, capacity 11858K, committed 11944K, reserved 1048576K
Event: 30,149 GC heap after
Heap after GC invocations=25 (full 3):
 PSYoungGen      total 169984K, used 16375K [0x00000000efa00000, 0x00000000fbb00000, 0x0000000100000000)
  eden space 153600K, 0% used [0x00000000efa00000,0x00000000efa00000,0x00000000f9000000)
  from space 16384K, 99% used [0x00000000fa480000,0x00000000fb47ded0,0x00000000fb480000)
  to   space 20992K, 0% used [0x00000000f9000000,0x00000000f9000000,0x00000000fa480000)
 ParOldGen       total 69120K, used 51774K [0x00000000cee00000, 0x00000000d3180000, 0x00000000efa00000)
  object space 69120K, 74% used [0x00000000cee00000,0x00000000d208fb38,0x00000000d3180000)
 Metaspace       used 71498K, capacity 80334K, committed 80552K, reserved 1118208K
  class space    used 9094K, capacity 11858K, committed 11944K, reserved 1048576K
}
Event: 36,819 GC heap before
{Heap before GC invocations=26 (full 3):
 PSYoungGen      total 169984K, used 169975K [0x00000000efa00000, 0x00000000fbb00000, 0x0000000100000000)
  eden space 153600K, 100% used [0x00000000efa00000,0x00000000f9000000,0x00000000f9000000)
  from space 16384K, 99% used [0x00000000fa480000,0x00000000fb47ded0,0x00000000fb480000)
  to   space 20992K, 0% used [0x00000000f9000000,0x00000000f9000000,0x00000000fa480000)
 ParOldGen       total 69120K, used 51774K [0x00000000cee00000, 0x00000000d3180000, 0x00000000efa00000)
  object space 69120K, 74% used [0x00000000cee00000,0x00000000d208fb38,0x00000000d3180000)
 Metaspace       used 75610K, capacity 84816K, committed 85160K, reserved 1122304K
  class space    used 9503K, capacity 12358K, committed 12456K, reserved 1048576K
Event: 36,853 GC heap after
Heap after GC invocations=26 (full 3):
 PSYoungGen      total 174592K, used 13868K [0x00000000efa00000, 0x00000000fd700000, 0x0000000100000000)
  eden space 153600K, 0% used [0x00000000efa00000,0x00000000efa00000,0x00000000f9000000)
  from space 20992K, 66% used [0x00000000f9000000,0x00000000f9d8b040,0x00000000fa480000)
  to   space 22016K, 0% used [0x00000000fc180000,0x00000000fc180000,0x00000000fd700000)
 ParOldGen       total 69120K, used 68687K [0x00000000cee00000, 0x00000000d3180000, 0x00000000efa00000)
  object space 69120K, 99% used [0x00000000cee00000,0x00000000d3113ce8,0x00000000d3180000)
 Metaspace       used 75610K, capacity 84816K, committed 85160K, reserved 1122304K
  class space    used 9503K, capacity 12358K, committed 12456K, reserved 1048576K
}
Event: 36,853 GC heap before
{Heap before GC invocations=27 (full 4):
 PSYoungGen      total 174592K, used 13868K [0x00000000efa00000, 0x00000000fd700000, 0x0000000100000000)
  eden space 153600K, 0% used [0x00000000efa00000,0x00000000efa00000,0x00000000f9000000)
  from space 20992K, 66% used [0x00000000f9000000,0x00000000f9d8b040,0x00000000fa480000)
  to   space 22016K, 0% used [0x00000000fc180000,0x00000000fc180000,0x00000000fd700000)
 ParOldGen       total 69120K, used 68687K [0x00000000cee00000, 0x00000000d3180000, 0x00000000efa00000)
  object space 69120K, 99% used [0x00000000cee00000,0x00000000d3113ce8,0x00000000d3180000)
 Metaspace       used 75610K, capacity 84816K, committed 85160K, reserved 1122304K
  class space    used 9503K, capacity 12358K, committed 12456K, reserved 1048576K
Event: 37,147 GC heap after
Heap after GC invocations=27 (full 4):
 PSYoungGen      total 174592K, used 4206K [0x00000000efa00000, 0x00000000fd700000, 0x0000000100000000)
  eden space 153600K, 0% used [0x00000000efa00000,0x00000000efa00000,0x00000000f9000000)
  from space 20992K, 20% used [0x00000000f9000000,0x00000000f941bba0,0x00000000fa480000)
  to   space 22016K, 0% used [0x00000000fc180000,0x00000000fc180000,0x00000000fd700000)
 ParOldGen       total 114688K, used 68947K [0x00000000cee00000, 0x00000000d5e00000, 0x00000000efa00000)
  object space 114688K, 60% used [0x00000000cee00000,0x00000000d3154dd0,0x00000000d5e00000)
 Metaspace       used 75610K, capacity 84816K, committed 85160K, reserved 1122304K
  class space    used 9503K, capacity 12358K, committed 12456K, reserved 1048576K
}
Event: 43,206 GC heap before
{Heap before GC invocations=28 (full 4):
 PSYoungGen      total 174592K, used 157806K [0x00000000efa00000, 0x00000000fd700000, 0x0000000100000000)
  eden space 153600K, 100% used [0x00000000efa00000,0x00000000f9000000,0x00000000f9000000)
  from space 20992K, 20% used [0x00000000f9000000,0x00000000f941bba0,0x00000000fa480000)
  to   space 22016K, 0% used [0x00000000fc180000,0x00000000fc180000,0x00000000fd700000)
 ParOldGen       total 114688K, used 68947K [0x00000000cee00000, 0x00000000d5e00000, 0x00000000efa00000)
  object space 114688K, 60% used [0x00000000cee00000,0x00000000d3154dd0,0x00000000d5e00000)
 Metaspace       used 78946K, capacity 88488K, committed 88744K, reserved 1126400K
  class space    used 9860K, capacity 12669K, committed 12712K, reserved 1048576K
Event: 43,240 GC heap after
Heap after GC invocations=28 (full 4):
 PSYoungGen      total 198144K, used 11445K [0x00000000efa00000, 0x00000000fd380000, 0x0000000100000000)
  eden space 179712K, 0% used [0x00000000efa00000,0x00000000efa00000,0x00000000fa980000)
  from space 18432K, 62% used [0x00000000fc180000,0x00000000fccad688,0x00000000fd380000)
  to   space 21504K, 0% used [0x00000000fa980000,0x00000000fa980000,0x00000000fbe80000)
 ParOldGen       total 114688K, used 68955K [0x00000000cee00000, 0x00000000d5e00000, 0x00000000efa00000)
  object space 114688K, 60% used [0x00000000cee00000,0x00000000d3156dd0,0x00000000d5e00000)
 Metaspace       used 78946K, capacity 88488K, committed 88744K, reserved 1126400K
  class space    used 9860K, capacity 12669K, committed 12712K, reserved 1048576K
}

